# JRE version: Java(TM) SE Runtime Environment (8.0_25-b18) (build 1.8.0_25-b18)
# Java VM: Java HotSpot(TM) 64-Bit Server VM (25.25-b02 mixed mode windows-amd64 compressed oops)
Heap:
 PSYoungGen      total 49664K, used 42994K [0x00000007bc400000, 0x00000007c0000000, 0x00000007c0000000)
  eden space 38400K, 96% used [0x00000007bc400000,0x00000007be84d8d8,0x00000007be980000)
  from space 11264K, 51% used [0x00000007be980000,0x00000007bef2efa8,0x00000007bf480000)
  to   space 11264K, 0% used [0x00000007bf500000,0x00000007bf500000,0x00000007c0000000)
 ParOldGen       total 135168K, used 125564K [0x0000000700000000, 0x0000000708400000, 0x00000007bc400000)
  object space 135168K, 92% used [0x0000000700000000,0x0000000707a9f180,0x0000000708400000)
 Metaspace       used 60463K, capacity 60861K, committed 61440K, reserved 1101824K
  class space    used 8325K, capacity 8405K, committed 8448K, reserved 1048576K
GC Heap History (10 events):
Event: 13971.721 GC heap before
{Heap before GC invocations=572 (full 40):
 PSYoungGen      total 49152K, used 37227K [0x00000007bc400000, 0x00000007c0000000, 0x00000007c0000000)
  eden space 36864K, 98% used [0x00000007bc400000,0x00000007be768ef0,0x00000007be800000)
  from space 12288K, 7% used [0x00000007be800000,0x00000007be8f1e98,0x00000007bf400000)
  to   space 12288K, 0% used [0x00000007bf400000,0x00000007bf400000,0x00000007c0000000)
 ParOldGen       total 135168K, used 126563K [0x0000000700000000, 0x0000000708400000, 0x00000007bc400000)
  object space 135168K, 93% used [0x0000000700000000,0x0000000707b98ed8,0x0000000708400000)
 Metaspace       used 60433K, capacity 60861K, committed 61440K, reserved 1101824K
  class space    used 8325K, capacity 8405K, committed 8448K, reserved 1048576K
Event: 13971.726 GC heap after
Heap after GC invocations=572 (full 40):
 PSYoungGen      total 49152K, used 1925K [0x00000007bc400000, 0x00000007c0000000, 0x00000007c0000000)
  eden space 36864K, 0% used [0x00000007bc400000,0x00000007bc400000,0x00000007be800000)
  from space 12288K, 15% used [0x00000007bf400000,0x00000007bf5e1448,0x00000007c0000000)
  to   space 12288K, 0% used [0x00000007be800000,0x00000007be800000,0x00000007bf400000)
 ParOldGen       total 135168K, used 126563K [0x0000000700000000, 0x0000000708400000, 0x00000007bc400000)
  object space 135168K, 93% used [0x0000000700000000,0x0000000707b98ed8,0x0000000708400000)
 Metaspace       used 60433K, capacity 60861K, committed 61440K, reserved 1101824K
  class space    used 8325K, capacity 8405K, committed 8448K, reserved 1048576K
}
Event: 13971.726 GC heap before
{Heap before GC invocations=573 (full 41):
 PSYoungGen      total 49152K, used 1925K [0x00000007bc400000, 0x00000007c0000000, 0x00000007c0000000)
  eden space 36864K, 0% used [0x00000007bc400000,0x00000007bc400000,0x00000007be800000)
  from space 12288K, 15% used [0x00000007bf400000,0x00000007bf5e1448,0x00000007c0000000)
  to   space 12288K, 0% used [0x00000007be800000,0x00000007be800000,0x00000007bf400000)
 ParOldGen       total 135168K, used 126563K [0x0000000700000000, 0x0000000708400000, 0x00000007bc400000)
  object space 135168K, 93% used [0x0000000700000000,0x0000000707b98ed8,0x0000000708400000)
 Metaspace       used 60433K, capacity 60861K, committed 61440K, reserved 1101824K
  class space    used 8325K, capacity 8405K, committed 8448K, reserved 1048576K
Event: 13972.316 GC heap after
Heap after GC invocations=573 (full 41):
 PSYoungGen      total 49152K, used 0K [0x00000007bc400000, 0x00000007c0000000, 0x00000007c0000000)
  eden space 36864K, 0% used [0x00000007bc400000,0x00000007bc400000,0x00000007be800000)
  from space 12288K, 0% used [0x00000007bf400000,0x00000007bf400000,0x00000007c0000000)
  to   space 12288K, 0% used [0x00000007be800000,0x00000007be800000,0x00000007bf400000)
 ParOldGen       total 135168K, used 125564K [0x0000000700000000, 0x0000000708400000, 0x00000007bc400000)
  object space 135168K, 92% used [0x0000000700000000,0x0000000707a9f180,0x0000000708400000)
 Metaspace       used 60433K, capacity 60861K, committed 61440K, reserved 1101824K
  class space    used 8325K, capacity 8405K, committed 8448K, reserved 1048576K
}
Event: 13980.390 GC heap before
{Heap before GC invocations=574 (full 41):
 PSYoungGen      total 49152K, used 36864K [0x00000007bc400000, 0x00000007c0000000, 0x00000007c0000000)
  eden space 36864K, 100% used [0x00000007bc400000,0x00000007be800000,0x00000007be800000)
  from space 12288K, 0% used [0x00000007bf400000,0x00000007bf400000,0x00000007c0000000)
  to   space 12288K, 0% used [0x00000007be800000,0x00000007be800000,0x00000007bf400000)
 ParOldGen       total 135168K, used 125564K [0x0000000700000000, 0x0000000708400000, 0x00000007bc400000)
  object space 135168K, 92% used [0x0000000700000000,0x0000000707a9f180,0x0000000708400000)
 Metaspace       used 60439K, capacity 60861K, committed 61440K, reserved 1101824K
  class space    used 8325K, capacity 8405K, committed 8448K, reserved 1048576K
Event: 13980.395 GC heap after
Heap after GC invocations=574 (full 41):
 PSYoungGen      total 49152K, used 2566K [0x00000007bc400000, 0x00000007c0000000, 0x00000007c0000000)
  eden space 36864K, 0% used [0x00000007bc400000,0x00000007bc400000,0x00000007be800000)
  from space 12288K, 20% used [0x00000007be800000,0x00000007bea81a70,0x00000007bf400000)
  to   space 11776K, 0% used [0x00000007bf480000,0x00000007bf480000,0x00000007c0000000)
 ParOldGen       total 135168K, used 125564K [0x0000000700000000, 0x0000000708400000, 0x00000007bc400000)
  object space 135168K, 92% used [0x0000000700000000,0x0000000707a9f180,0x0000000708400000)
 Metaspace       used 60439K, capacity 60861K, committed 61440K, reserved 1101824K
  class space    used 8325K, capacity 8405K, committed 8448K, reserved 1048576K
}
Event: 13980.881 GC heap before
{Heap before GC invocations=575 (full 41):
 PSYoungGen      total 49152K, used 39423K [0x00000007bc400000, 0x00000007c0000000, 0x00000007c0000000)
  eden space 36864K, 99% used [0x00000007bc400000,0x00000007be7fe490,0x00000007be800000)
  from space 12288K, 20% used [0x00000007be800000,0x00000007bea81a70,0x00000007bf400000)
  to   space 11776K, 0% used [0x00000007bf480000,0x00000007bf480000,0x00000007c0000000)
 ParOldGen       total 135168K, used 125564K [0x0000000700000000, 0x0000000708400000, 0x00000007bc400000)
  object space 135168K, 92% used [0x0000000700000000,0x0000000707a9f180,0x0000000708400000)
 Metaspace       used 60449K, capacity 60861K, committed 61440K, reserved 1101824K
  class space    used 8325K, capacity 8405K, committed 8448K, reserved 1048576K
Event: 13980.888 GC heap after
Heap after GC invocations=575 (full 41):
 PSYoungGen      total 50176K, used 4521K [0x00000007bc400000, 0x00000007c0000000, 0x00000007c0000000)
  eden space 38400K, 0% used [0x00000007bc400000,0x00000007bc400000,0x00000007be980000)
  from space 11776K, 38% used [0x00000007bf480000,0x00000007bf8ea610,0x00000007c0000000)
  to   space 11264K, 0% used [0x00000007be980000,0x00000007be980000,0x00000007bf480000)
 ParOldGen       total 135168K, used 125564K [0x0000000700000000, 0x0000000708400000, 0x00000007bc400000)
  object space 135168K, 92% used [0x0000000700000000,0x0000000707a9f180,0x0000000708400000)
 Metaspace       used 60449K, capacity 60861K, committed 61440K, reserved 1101824K
  class space    used 8325K, capacity 8405K, committed 8448K, reserved 1048576K
}
Event: 13981.531 GC heap before
{Heap before GC invocations=576 (full 41):
 PSYoungGen      total 50176K, used 42921K [0x00000007bc400000, 0x00000007c0000000, 0x00000007c0000000)
  eden space 38400K, 100% used [0x00000007bc400000,0x00000007be980000,0x00000007be980000)
  from space 11776K, 38% used [0x00000007bf480000,0x00000007bf8ea610,0x00000007c0000000)
  to   space 11264K, 0% used [0x00000007be980000,0x00000007be980000,0x00000007bf480000)
 ParOldGen       total 135168K, used 125564K [0x0000000700000000, 0x0000000708400000, 0x00000007bc400000)
  object space 135168K, 92% used [0x0000000700000000,0x0000000707a9f180,0x0000000708400000)
 Metaspace       used 60462K, capacity 60861K, committed 61440K, reserved 1101824K
  class space    used 8325K, capacity 8405K, committed 8448K, reserved 1048576K
Event: 13981.539 GC heap after
Heap after GC invocations=576 (full 41):
 PSYoungGen      total 49664K, used 5819K [0x00000007bc400000, 0x00000007c0000000, 0x00000007c0000000)
  eden space 38400K, 0% used [0x00000007bc400000,0x00000007bc400000,0x00000007be980000)
  from space 11264K, 51% used [0x00000007be980000,0x00000007bef2efa8,0x00000007bf480000)
  to   space 11264K, 0% used [0x00000007bf500000,0x00000007bf500000,0x00000007c0000000)
 ParOldGen       total 135168K, used 125564K [0x0000000700000000, 0x0000000708400000, 0x00000007bc400000)
  object space 135168K, 92% used [0x0000000700000000,0x0000000707a9f180,0x0000000708400000)
 Metaspace       used 60462K, capacity 60861K, committed 61440K, reserved 1101824K
  class space    used 8325K, capacity 8405K, committed 8448K, reserved 1048576K
}

