# JRE version: Java(TM) SE Runtime Environment (8.0_25-b18) (build 1.8.0_25-b18)
# Java VM: Java HotSpot(TM) 64-Bit Server VM (25.25-b02 mixed mode windows-amd64 compressed oops)
Heap:
 PSYoungGen      total 139264K, used 29889K [0x00000000f5580000, 0x00000000fe300000, 0x0000000100000000)
  eden space 133632K, 22% used [0x00000000f5580000,0x00000000f72b0598,0x00000000fd800000)
  from space 5632K, 0% used [0x00000000fd800000,0x00000000fd800000,0x00000000fdd80000)
  to   space 5632K, 0% used [0x00000000fdd80000,0x00000000fdd80000,0x00000000fe300000)
 ParOldGen       total 110080K, used 31768K [0x00000000e0000000, 0x00000000e6b80000, 0x00000000f5580000)
  object space 110080K, 28% used [0x00000000e0000000,0x00000000e1f061c8,0x00000000e6b80000)
 Metaspace       used 75214K, capacity 80672K, committed 81024K, reserved 1120256K
  class space    used 9354K, capacity 11083K, committed 11136K, reserved 1048576K
GC Heap History (10 events):
Event: 1931.932 GC heap before
{Heap before GC invocations=74 (full 33):
 PSYoungGen      total 134144K, used 224K [0x00000000f5580000, 0x00000000fe400000, 0x0000000100000000)
  eden space 133632K, 0% used [0x00000000f5580000,0x00000000f5580000,0x00000000fd800000)
  from space 512K, 43% used [0x00000000fd800000,0x00000000fd838000,0x00000000fd880000)
  to   space 6144K, 0% used [0x00000000fde00000,0x00000000fde00000,0x00000000fe400000)
 ParOldGen       total 110080K, used 31779K [0x00000000e0000000, 0x00000000e6b80000, 0x00000000f5580000)
  object space 110080K, 28% used [0x00000000e0000000,0x00000000e1f08c60,0x00000000e6b80000)
 Metaspace       used 74231K, capacity 79794K, committed 80128K, reserved 1118208K
  class space    used 9241K, capacity 10982K, committed 11008K, reserved 1048576K
Event: 1932.059 GC heap after
Heap after GC invocations=74 (full 33):
 PSYoungGen      total 134144K, used 0K [0x00000000f5580000, 0x00000000fe400000, 0x0000000100000000)
  eden space 133632K, 0% used [0x00000000f5580000,0x00000000f5580000,0x00000000fd800000)
  from space 512K, 0% used [0x00000000fd800000,0x00000000fd800000,0x00000000fd880000)
  to   space 6144K, 0% used [0x00000000fde00000,0x00000000fde00000,0x00000000fe400000)
 ParOldGen       total 110080K, used 31772K [0x00000000e0000000, 0x00000000e6b80000, 0x00000000f5580000)
  object space 110080K, 28% used [0x00000000e0000000,0x00000000e1f073f8,0x00000000e6b80000)
 Metaspace       used 74231K, capacity 79794K, committed 80128K, reserved 1118208K
  class space    used 9241K, capacity 10982K, committed 11008K, reserved 1048576K
}
Event: 1991.940 GC heap before
{Heap before GC invocations=75 (full 33):
 PSYoungGen      total 134144K, used 5254K [0x00000000f5580000, 0x00000000fe400000, 0x0000000100000000)
  eden space 133632K, 3% used [0x00000000f5580000,0x00000000f5aa19c0,0x00000000fd800000)
  from space 512K, 0% used [0x00000000fd800000,0x00000000fd800000,0x00000000fd880000)
  to   space 6144K, 0% used [0x00000000fde00000,0x00000000fde00000,0x00000000fe400000)
 ParOldGen       total 110080K, used 31772K [0x00000000e0000000, 0x00000000e6b80000, 0x00000000f5580000)
  object space 110080K, 28% used [0x00000000e0000000,0x00000000e1f073f8,0x00000000e6b80000)
 Metaspace       used 74232K, capacity 79794K, committed 80128K, reserved 1118208K
  class space    used 9241K, capacity 10982K, committed 11008K, reserved 1048576K
Event: 1991.944 GC heap after
Heap after GC invocations=75 (full 33):
 PSYoungGen      total 138752K, used 160K [0x00000000f5580000, 0x00000000fe300000, 0x0000000100000000)
  eden space 133632K, 0% used [0x00000000f5580000,0x00000000f5580000,0x00000000fd800000)
  from space 5120K, 3% used [0x00000000fde00000,0x00000000fde28000,0x00000000fe300000)
  to   space 5632K, 0% used [0x00000000fd800000,0x00000000fd800000,0x00000000fdd80000)
 ParOldGen       total 110080K, used 31772K [0x00000000e0000000, 0x00000000e6b80000, 0x00000000f5580000)
  object space 110080K, 28% used [0x00000000e0000000,0x00000000e1f073f8,0x00000000e6b80000)
 Metaspace       used 74232K, capacity 79794K, committed 80128K, reserved 1118208K
  class space    used 9241K, capacity 10982K, committed 11008K, reserved 1048576K
}
Event: 1991.944 GC heap before
{Heap before GC invocations=76 (full 34):
 PSYoungGen      total 138752K, used 160K [0x00000000f5580000, 0x00000000fe300000, 0x0000000100000000)
  eden space 133632K, 0% used [0x00000000f5580000,0x00000000f5580000,0x00000000fd800000)
  from space 5120K, 3% used [0x00000000fde00000,0x00000000fde28000,0x00000000fe300000)
  to   space 5632K, 0% used [0x00000000fd800000,0x00000000fd800000,0x00000000fdd80000)
 ParOldGen       total 110080K, used 31772K [0x00000000e0000000, 0x00000000e6b80000, 0x00000000f5580000)
  object space 110080K, 28% used [0x00000000e0000000,0x00000000e1f073f8,0x00000000e6b80000)
 Metaspace       used 74232K, capacity 79794K, committed 80128K, reserved 1118208K
  class space    used 9241K, capacity 10982K, committed 11008K, reserved 1048576K
Event: 1992.104 GC heap after
Heap after GC invocations=76 (full 34):
 PSYoungGen      total 138752K, used 0K [0x00000000f5580000, 0x00000000fe300000, 0x0000000100000000)
  eden space 133632K, 0% used [0x00000000f5580000,0x00000000f5580000,0x00000000fd800000)
  from space 5120K, 0% used [0x00000000fde00000,0x00000000fde00000,0x00000000fe300000)
  to   space 5632K, 0% used [0x00000000fd800000,0x00000000fd800000,0x00000000fdd80000)
 ParOldGen       total 110080K, used 31768K [0x00000000e0000000, 0x00000000e6b80000, 0x00000000f5580000)
  object space 110080K, 28% used [0x00000000e0000000,0x00000000e1f06030,0x00000000e6b80000)
 Metaspace       used 74232K, capacity 79794K, committed 80128K, reserved 1118208K
  class space    used 9241K, capacity 10982K, committed 11008K, reserved 1048576K
}
Event: 2051.946 GC heap before
{Heap before GC invocations=77 (full 34):
 PSYoungGen      total 138752K, used 5445K [0x00000000f5580000, 0x00000000fe300000, 0x0000000100000000)
  eden space 133632K, 4% used [0x00000000f5580000,0x00000000f5ad1468,0x00000000fd800000)
  from space 5120K, 0% used [0x00000000fde00000,0x00000000fde00000,0x00000000fe300000)
  to   space 5632K, 0% used [0x00000000fd800000,0x00000000fd800000,0x00000000fdd80000)
 ParOldGen       total 110080K, used 31768K [0x00000000e0000000, 0x00000000e6b80000, 0x00000000f5580000)
  object space 110080K, 28% used [0x00000000e0000000,0x00000000e1f06030,0x00000000e6b80000)
 Metaspace       used 74232K, capacity 79794K, committed 80128K, reserved 1118208K
  class space    used 9241K, capacity 10982K, committed 11008K, reserved 1048576K
Event: 2051.951 GC heap after
Heap after GC invocations=77 (full 34):
 PSYoungGen      total 139264K, used 288K [0x00000000f5580000, 0x00000000fe300000, 0x0000000100000000)
  eden space 133632K, 0% used [0x00000000f5580000,0x00000000f5580000,0x00000000fd800000)
  from space 5632K, 5% used [0x00000000fd800000,0x00000000fd848000,0x00000000fdd80000)
  to   space 5632K, 0% used [0x00000000fdd80000,0x00000000fdd80000,0x00000000fe300000)
 ParOldGen       total 110080K, used 31768K [0x00000000e0000000, 0x00000000e6b80000, 0x00000000f5580000)
  object space 110080K, 28% used [0x00000000e0000000,0x00000000e1f06030,0x00000000e6b80000)
 Metaspace       used 74232K, capacity 79794K, committed 80128K, reserved 1118208K
  class space    used 9241K, capacity 10982K, committed 11008K, reserved 1048576K
}
Event: 2051.951 GC heap before
{Heap before GC invocations=78 (full 35):
 PSYoungGen      total 139264K, used 288K [0x00000000f5580000, 0x00000000fe300000, 0x0000000100000000)
  eden space 133632K, 0% used [0x00000000f5580000,0x00000000f5580000,0x00000000fd800000)
  from space 5632K, 5% used [0x00000000fd800000,0x00000000fd848000,0x00000000fdd80000)
  to   space 5632K, 0% used [0x00000000fdd80000,0x00000000fdd80000,0x00000000fe300000)
 ParOldGen       total 110080K, used 31768K [0x00000000e0000000, 0x00000000e6b80000, 0x00000000f5580000)
  object space 110080K, 28% used [0x00000000e0000000,0x00000000e1f06030,0x00000000e6b80000)
 Metaspace       used 74232K, capacity 79794K, committed 80128K, reserved 1118208K
  class space    used 9241K, capacity 10982K, committed 11008K, reserved 1048576K
Event: 2052.142 GC heap after
Heap after GC invocations=78 (full 35):
 PSYoungGen      total 139264K, used 0K [0x00000000f5580000, 0x00000000fe300000, 0x0000000100000000)
  eden space 133632K, 0% used [0x00000000f5580000,0x00000000f5580000,0x00000000fd800000)
  from space 5632K, 0% used [0x00000000fd800000,0x00000000fd800000,0x00000000fdd80000)
  to   space 5632K, 0% used [0x00000000fdd80000,0x00000000fdd80000,0x00000000fe300000)
 ParOldGen       total 110080K, used 31768K [0x00000000e0000000, 0x00000000e6b80000, 0x00000000f5580000)
  object space 110080K, 28% used [0x00000000e0000000,0x00000000e1f061c8,0x00000000e6b80000)
 Metaspace       used 74232K, capacity 79794K, committed 80128K, reserved 1118208K
  class space    used 9241K, capacity 10982K, committed 11008K, reserved 1048576K
}

